CoreGen has not been configured with any user repositories.
CoreGen has been configured with the following Xilinx repositories:
 - 'D:\Programas\XILINX\ISE_DS\ISE\coregen\' [reloaded]
INFO:sim - Generating component instance 'Sumador' of
   'xilinx.com:ip:c_addsub:11.0' from
   'D:\Programas\XILINX\ISE_DS\ISE\coregen\ip\xilinx\primary\com\xilinx\ip\c_add
   sub_v11_0\component.xml'.
Applying current project options...
Finished applying current project options.
Resolving generics for 'Sumador'...
WARNING:sim - A core named 'Sumador' already exists in the project. Output
   products for this core may be overwritten.
Applying external generics to 'Sumador'...
Delivering associated files for 'Sumador'...
Generating implementation netlist for 'Sumador'...
INFO:sim - Pre-processing HDL files for 'Sumador'...
Running synthesis for 'Sumador'
Writing VHO instantiation template for 'Sumador'...
Writing VHDL behavioral simulation model for 'Sumador'...
Delivered 2 files into directory
C:/Users/manuel/Desktop/final/Filtro_Sistolico/ipcore_dir/tmp/_cg/Sumador
Generating ASY schematic symbol...
Generating SYM schematic symbol for 'Sumador'...
Generating metadata file...
Generating ISE project...
Generating README file...
Generating FLIST file...
INFO:sim - Finished FLIST file generation.
Moving files to output directory...
Finished moving files to output directory
Wrote CGP file for project 'Sumador'.
