--------------------------------------------------------------------------------
Release 13.2 Trace  (nt)
Copyright (c) 1995-2011 Xilinx, Inc.  All rights reserved.

C:\EDA\Xilinx\13.2\ISE_DS\ISE\bin\nt\unwrapped\trce.exe -intstyle ise -v 3 -s 3
-n 3 -fastpaths -xml Contador.twx Contador.ncd -o Contador.twr Contador.pcf

Design file:              Contador.ncd
Physical constraint file: Contador.pcf
Device,package,speed:     xc6slx45,csg324,C,-3 (PRODUCTION 1.19 2011-06-20)
Report level:             verbose report

Environment Variable      Effect 
--------------------      ------ 
NONE                      No environment variables were set
--------------------------------------------------------------------------------

INFO:Timing:2698 - No timing constraints found, doing default enumeration.
INFO:Timing:2752 - To get complete path coverage, use the unconstrained paths 
   option. All paths that are not constrained will be reported in the 
   unconstrained paths section(s) of the report.
INFO:Timing:3339 - The clock-to-out numbers in this timing report are based on 
   a 50 Ohm transmission line loading model.  For the details of this model, 
   and for more information on accounting for different loading conditions, 
   please see the device datasheet.



Data Sheet report:
-----------------
All values displayed in nanoseconds (ns)

Setup/Hold to clock clk
------------+------------+------------+------------+------------+------------------+--------+
            |Max Setup to|  Process   |Max Hold to |  Process   |                  | Clock  |
Source      | clk (edge) |   Corner   | clk (edge) |   Corner   |Internal Clock(s) | Phase  |
------------+------------+------------+------------+------------+------------------+--------+
rst         |    0.425(R)|      FAST  |    0.776(R)|      SLOW  |clk_BUFGP         |   0.000|
updn        |    0.688(R)|      FAST  |    0.566(R)|      SLOW  |clk_BUFGP         |   0.000|
------------+------------+------------+------------+------------+------------------+--------+

Clock clk to Pad
------------+-----------------+------------+-----------------+------------+------------------+--------+
            |Max (slowest) clk|  Process   |Min (fastest) clk|  Process   |                  | Clock  |
Destination |  (edge) to PAD  |   Corner   |  (edge) to PAD  |   Corner   |Internal Clock(s) | Phase  |
------------+-----------------+------------+-----------------+------------+------------------+--------+
q<0>        |         7.566(R)|      SLOW  |         4.090(R)|      FAST  |clk_BUFGP         |   0.000|
q<1>        |         7.559(R)|      SLOW  |         4.083(R)|      FAST  |clk_BUFGP         |   0.000|
q<2>        |         7.547(R)|      SLOW  |         4.033(R)|      FAST  |clk_BUFGP         |   0.000|
q<3>        |         7.559(R)|      SLOW  |         4.019(R)|      FAST  |clk_BUFGP         |   0.000|
q<4>        |         7.430(R)|      SLOW  |         3.980(R)|      FAST  |clk_BUFGP         |   0.000|
q<5>        |         7.081(R)|      SLOW  |         3.771(R)|      FAST  |clk_BUFGP         |   0.000|
q<6>        |         7.316(R)|      SLOW  |         3.903(R)|      FAST  |clk_BUFGP         |   0.000|
------------+-----------------+------------+-----------------+------------+------------------+--------+

Clock to Setup on destination clock clk
---------------+---------+---------+---------+---------+
               | Src:Rise| Src:Fall| Src:Rise| Src:Fall|
Source Clock   |Dest:Rise|Dest:Rise|Dest:Fall|Dest:Fall|
---------------+---------+---------+---------+---------+
clk            |    1.992|         |         |         |
---------------+---------+---------+---------+---------+


Analysis completed Tue Oct 16 13:57:10 2012 
--------------------------------------------------------------------------------

Trace Settings:
-------------------------
Trace Settings 

Peak Memory Usage: 175 MB



