Release 14.2 - xst P.28xd (nt)
Copyright (c) 1995-2012 Xilinx, Inc.  All rights reserved.
--> Parameter TMPDIR set to xst/projnav.tmp


Total REAL time to Xst completion: 0.00 secs
Total CPU time to Xst completion: 0.22 secs
 
--> Parameter xsthdpdir set to xst


Total REAL time to Xst completion: 0.00 secs
Total CPU time to Xst completion: 0.23 secs
 
--> Reading design: bin2bcd.prj

TABLE OF CONTENTS
  1) Synthesis Options Summary
  2) HDL Parsing
  3) HDL Elaboration
  4) HDL Synthesis
       4.1) HDL Synthesis Report
  5) Advanced HDL Synthesis
       5.1) Advanced HDL Synthesis Report
  6) Low Level Synthesis
  7) Partition Report
  8) Design Summary
       8.1) Primitive and Black Box Usage
       8.2) Device utilization summary
       8.3) Partition Resource Summary
       8.4) Timing Report
            8.4.1) Clock Information
            8.4.2) Asynchronous Control Signals Information
            8.4.3) Timing Summary
            8.4.4) Timing Details
            8.4.5) Cross Clock Domains Report


=========================================================================
*                      Synthesis Options Summary                        *
=========================================================================
---- Source Parameters
Input File Name                    : "bin2bcd.prj"
Ignore Synthesis Constraint File   : NO

---- Target Parameters
Output File Name                   : "bin2bcd"
Output Format                      : NGC
Target Device                      : xc6slx4-3-tqg144

---- Source Options
Top Module Name                    : bin2bcd
Automatic FSM Extraction           : YES
FSM Encoding Algorithm             : Auto
Safe Implementation                : No
FSM Style                          : LUT
RAM Extraction                     : Yes
RAM Style                          : Auto
ROM Extraction                     : Yes
Shift Register Extraction          : YES
ROM Style                          : Auto
Resource Sharing                   : YES
Asynchronous To Synchronous        : NO
Shift Register Minimum Size        : 2
Use DSP Block                      : Auto
Automatic Register Balancing       : No

---- Target Options
LUT Combining                      : Auto
Reduce Control Sets                : Auto
Add IO Buffers                     : YES
Global Maximum Fanout              : 100000
Add Generic Clock Buffer(BUFG)     : 16
Register Duplication               : YES
Optimize Instantiated Primitives   : NO
Use Clock Enable                   : Auto
Use Synchronous Set                : Auto
Use Synchronous Reset              : Auto
Pack IO Registers into IOBs        : Auto
Equivalent register Removal        : YES

---- General Options
Optimization Goal                  : Speed
Optimization Effort                : 1
Power Reduction                    : NO
Keep Hierarchy                     : No
Netlist Hierarchy                  : As_Optimized
RTL Output                         : Yes
Global Optimization                : AllClockNets
Read Cores                         : YES
Write Timing Constraints           : NO
Cross Clock Analysis               : NO
Hierarchy Separator                : /
Bus Delimiter                      : <>
Case Specifier                     : Maintain
Slice Utilization Ratio            : 100
BRAM Utilization Ratio             : 100
DSP48 Utilization Ratio            : 100
Auto BRAM Packing                  : NO
Slice Utilization Ratio Delta      : 5

=========================================================================


=========================================================================
*                          HDL Parsing                                  *
=========================================================================
Parsing VHDL file "D:\Programas\XILINX\Proyectos\Practica 1\Bin2bcd\bin2bcd.vhd" into library work
Parsing entity <bin2bcd>.
Parsing architecture <Behavioral> of entity <bin2bcd>.

=========================================================================
*                            HDL Elaboration                            *
=========================================================================

Elaborating entity <bin2bcd> (architecture <Behavioral>) from library <work>.

=========================================================================
*                           HDL Synthesis                               *
=========================================================================

Synthesizing Unit <bin2bcd>.
    Related source file is "D:\Programas\XILINX\Proyectos\Practica 1\Bin2bcd\bin2bcd.vhd".
    Found 4-bit register for signal <Decenas>.
    Found 4-bit register for signal <Unidades>.
    Found 4-bit subtractor for signal <GND_4_o_GND_4_o_sub_2_OUT<3:0>> created at line 57.
    Found 4-bit subtractor for signal <GND_4_o_GND_4_o_sub_4_OUT<3:0>> created at line 60.
    Found 4-bit subtractor for signal <GND_4_o_GND_4_o_sub_6_OUT<3:0>> created at line 63.
    Found 4-bit subtractor for signal <GND_4_o_GND_4_o_sub_8_OUT<3:0>> created at line 66.
    Found 4-bit subtractor for signal <GND_4_o_GND_4_o_sub_10_OUT<3:0>> created at line 69.
    Found 6-bit comparator lessequal for signal <n0000> created at line 56
    Found 6-bit comparator lessequal for signal <n0003> created at line 59
    Found 6-bit comparator lessequal for signal <n0006> created at line 62
    Found 6-bit comparator lessequal for signal <n0009> created at line 65
    Found 6-bit comparator lessequal for signal <n0012> created at line 68
    Summary:
	inferred   1 Adder/Subtractor(s).
	inferred   8 D-type flip-flop(s).
	inferred   5 Comparator(s).
	inferred   9 Multiplexer(s).
Unit <bin2bcd> synthesized.

=========================================================================
HDL Synthesis Report

Macro Statistics
# Adders/Subtractors                                   : 1
 4-bit subtractor                                      : 1
# Registers                                            : 2
 4-bit register                                        : 2
# Comparators                                          : 5
 6-bit comparator lessequal                            : 5
# Multiplexers                                         : 9
 2-bit 2-to-1 multiplexer                              : 2
 3-bit 2-to-1 multiplexer                              : 2
 4-bit 2-to-1 multiplexer                              : 5

=========================================================================
INFO:Xst:1767 - HDL ADVISOR - Resource sharing has identified that some arithmetic operations in this design can share the same physical resources for reduced device utilization. For improved clock frequency you may try to disable resource sharing.

=========================================================================
*                       Advanced HDL Synthesis                          *
=========================================================================

WARNING:Xst:1710 - FF/Latch <Decenas_3> (without init value) has a constant value of 0 in block <bin2bcd>. This FF/Latch will be trimmed during the optimization process.
WARNING:Xst:2404 -  FFs/Latches <Decenas<3:3>> (without init value) have a constant value of 0 in block <bin2bcd>.

=========================================================================
Advanced HDL Synthesis Report

Macro Statistics
# Adders/Subtractors                                   : 1
 4-bit subtractor                                      : 1
# Registers                                            : 7
 Flip-Flops                                            : 7
# Comparators                                          : 5
 6-bit comparator lessequal                            : 5
# Multiplexers                                         : 9
 2-bit 2-to-1 multiplexer                              : 2
 3-bit 2-to-1 multiplexer                              : 2
 4-bit 2-to-1 multiplexer                              : 5

=========================================================================

=========================================================================
*                         Low Level Synthesis                           *
=========================================================================

Optimizing unit <bin2bcd> ...

Mapping all equations...
Building and optimizing final netlist ...
Found area constraint ratio of 100 (+ 5) on block bin2bcd, actual ratio is 0.

Final Macro Processing ...

=========================================================================
Final Register Report

Macro Statistics
# Registers                                            : 7
 Flip-Flops                                            : 7

=========================================================================

=========================================================================
*                           Partition Report                            *
=========================================================================

Partition Implementation Status
-------------------------------

  No Partitions were found in this design.

-------------------------------

=========================================================================
*                            Design Summary                             *
=========================================================================

Top Level Output File Name         : bin2bcd.ngc

Primitive and Black Box Usage:
------------------------------
# BELS                             : 7
#      GND                         : 1
#      LUT3                        : 1
#      LUT4                        : 1
#      LUT5                        : 4
# FlipFlops/Latches                : 7
#      FDR                         : 7
# Clock Buffers                    : 1
#      BUFGP                       : 1
# IO Buffers                       : 15
#      IBUF                        : 7
#      OBUF                        : 8

Device utilization summary:
---------------------------

Selected Device : 6slx4tqg144-3 


Slice Logic Utilization: 
 Number of Slice LUTs:                    6  out of   2400     0%  
    Number used as Logic:                 6  out of   2400     0%  

Slice Logic Distribution: 
 Number of LUT Flip Flop pairs used:      6
   Number with an unused Flip Flop:       6  out of      6   100%  
   Number with an unused LUT:             0  out of      6     0%  
   Number of fully used LUT-FF pairs:     0  out of      6     0%  
   Number of unique control sets:         1

IO Utilization: 
 Number of IOs:                          16
 Number of bonded IOBs:                  16  out of    102    15%  
    IOB Flip Flops/Latches:               7

Specific Feature Utilization:
 Number of BUFG/BUFGCTRLs:                1  out of     16     6%  

---------------------------
Partition Resource Summary:
---------------------------

  No Partitions were found in this design.

---------------------------


=========================================================================
Timing Report

NOTE: THESE TIMING NUMBERS ARE ONLY A SYNTHESIS ESTIMATE.
      FOR ACCURATE TIMING INFORMATION PLEASE REFER TO THE TRACE REPORT
      GENERATED AFTER PLACE-and-ROUTE.

Clock Information:
------------------
-----------------------------------+------------------------+-------+
Clock Signal                       | Clock buffer(FF name)  | Load  |
-----------------------------------+------------------------+-------+
clk                                | BUFGP                  | 7     |
-----------------------------------+------------------------+-------+

Asynchronous Control Signals Information:
----------------------------------------
No asynchronous control signals found in this design

Timing Summary:
---------------
Speed Grade: -3

   Minimum period: No path found
   Minimum input arrival time before clock: 2.616ns
   Maximum output required time after clock: 3.597ns
   Maximum combinational path delay: No path found

Timing Details:
---------------
All values displayed in nanoseconds (ns)

=========================================================================
Timing constraint: Default OFFSET IN BEFORE for Clock 'clk'
  Total number of paths / destination ports: 35 / 14
-------------------------------------------------------------------------
Offset:              2.616ns (Levels of Logic = 2)
  Source:            Data_bin<5> (PAD)
  Destination:       Decenas_0 (FF)
  Destination Clock: clk rising

  Data Path: Data_bin<5> to Decenas_0
                                Gate     Net
    Cell:in->out      fanout   Delay   Delay  Logical Name (Net Name)
    ----------------------------------------  ------------
     IBUF:I->O             6   1.222   1.089  Data_bin_5_IBUF (Data_bin_5_IBUF)
     LUT5:I0->O            1   0.203   0.000  Mmux_Ua_B11 (Mmux_Ua_rs_B<1>)
     FDR:D                     0.102          Decenas_0
    ----------------------------------------
    Total                      2.616ns (1.527ns logic, 1.089ns route)
                                       (58.4% logic, 41.6% route)

=========================================================================
Timing constraint: Default OFFSET OUT AFTER for Clock 'clk'
  Total number of paths / destination ports: 7 / 7
-------------------------------------------------------------------------
Offset:              3.597ns (Levels of Logic = 1)
  Source:            Unidades_3 (FF)
  Destination:       Unidades<3> (PAD)
  Source Clock:      clk rising

  Data Path: Unidades_3 to Unidades<3>
                                Gate     Net
    Cell:in->out      fanout   Delay   Delay  Logical Name (Net Name)
    ----------------------------------------  ------------
     FDR:C->Q              1   0.447   0.579  Unidades_3 (Unidades_3)
     OBUF:I->O                 2.571          Unidades_3_OBUF (Unidades<3>)
    ----------------------------------------
    Total                      3.597ns (3.018ns logic, 0.579ns route)
                                       (83.9% logic, 16.1% route)

=========================================================================

Cross Clock Domains Report:
--------------------------

=========================================================================


Total REAL time to Xst completion: 12.00 secs
Total CPU time to Xst completion: 11.61 secs
 
--> 

Total memory usage is 163820 kilobytes

Number of errors   :    0 (   0 filtered)
Number of warnings :    2 (   0 filtered)
Number of infos    :    1 (   0 filtered)

