Compilación iniciada a las 19/10/2013 18:06:00.
     1>Proyecto "C:\Users\Virgihc\Documents\Visual Studio 2010\Projects\pap3b\pap3b\pap3b.vcxproj" en el nodo 2 (build destinos).
     1>InitializeBuildStatus:
         Se creará "Debug\pap3b.unsuccessfulbuild" porque se especificó "AlwaysCreate".
       ClCompile:
         C:\Program Files (x86)\Microsoft Visual Studio 10.0\VC\bin\CL.exe /c /ZI /nologo /W3 /WX- /Od /Oy- /D WIN32 /D _DEBUG /D _CONSOLE /D _UNICODE /D UNICODE /Gm /EHsc /RTC1 /MDd /GS /fp:precise /Zc:wchar_t /Zc:forScope /Fo"Debug\\" /Fd"Debug\vc100.pdb" /Gd /TP /analyze- /errorReport:prompt pap3b.cpp
         pap3b.cpp
       ManifestResourceCompile:
         Todas las salidas están actualizadas.
       Link:
         C:\Program Files (x86)\Microsoft Visual Studio 10.0\VC\bin\link.exe /ERRORREPORT:PROMPT /OUT:"C:\Users\Virgihc\Documents\Visual Studio 2010\Projects\pap3b\Debug\pap3b.exe" /INCREMENTAL /NOLOGO kernel32.lib user32.lib gdi32.lib winspool.lib comdlg32.lib advapi32.lib shell32.lib ole32.lib oleaut32.lib uuid.lib odbc32.lib odbccp32.lib /MANIFEST /ManifestFile:"Debug\pap3b.exe.intermediate.manifest" /MANIFESTUAC:"level='asInvoker' uiAccess='false'" /DEBUG /PDB:"C:\Users\Virgihc\Documents\Visual Studio 2010\Projects\pap3b\Debug\pap3b.pdb" /SUBSYSTEM:CONSOLE /TLBID:1 /DYNAMICBASE /NXCOMPAT /IMPLIB:"C:\Users\Virgihc\Documents\Visual Studio 2010\Projects\pap3b\Debug\pap3b.lib" /MACHINE:X86 Debug\pap3b.exe.embed.manifest.res
         Debug\CHora.obj
         Debug\pap3b.obj
         Debug\utils.obj MemoryManager-vc2010-d.obj 
       Manifest:
         C:\Program Files (x86)\Microsoft SDKs\Windows\v7.0A\bin\mt.exe /nologo /verbose /out:"Debug\pap3b.exe.embed.manifest" /manifest Debug\pap3b.exe.intermediate.manifest
         Todas las salidas están actualizadas.
       LinkEmbedManifest:
         Todas las salidas están actualizadas.
         pap3b.vcxproj -> C:\Users\Virgihc\Documents\Visual Studio 2010\Projects\pap3b\Debug\pap3b.exe
       FinalizeBuildStatus:
         Se eliminará el archivo "Debug\pap3b.unsuccessfulbuild".
         Aplicando tarea Touch a "Debug\pap3b.lastbuildstate".
     1>Compilación del proyecto terminada "C:\Users\Virgihc\Documents\Visual Studio 2010\Projects\pap3b\pap3b\pap3b.vcxproj" (build destinos).

Compilación correcta.

Tiempo transcurrido 00:00:02.00
